<?xml version="1.0" encoding="UTF-8"?>
<!-- Generated by org.testng.reporters.JUnitXMLReporter -->
<testsuite ignored="0" hostname="LAPTOP-DLCP2JCN" failures="0" tests="3" name="Default test" time="36.482" errors="0" timestamp="2023-09-01T18:40:24 IST">
  <testcase classname="com.seleniumtests.Awer" name="testInvalidWebsiteURL" time="4.247"/>
  <testcase classname="com.seleniumtests.Awer" name="testURLWithQueryString" time="9.253"/>
  <testcase classname="com.seleniumtests.Awer" name="testValidWebsiteURL" time="12.487"/>
</testsuite> <!-- Default test -->
